

Started GET "/static_pages/home" for 127.0.0.1 at 2014-11-15 09:36:54 +0900
Processing by StaticPagesController#home as HTML
  Rendered static_pages/home.html.erb within layouts/application (2.7ms)
Completed 200 OK in 834ms (Views: 832.5ms | ActiveRecord: 0.0ms)


Started GET "/assets/static_pages.css?body=1" for 127.0.0.1 at 2014-11-15 09:36:56 +0900


Started GET "/assets/jquery.js?body=1" for 127.0.0.1 at 2014-11-15 09:36:56 +0900


Started GET "/assets/jquery_ujs.js?body=1" for 127.0.0.1 at 2014-11-15 09:36:56 +0900


Started GET "/assets/static_pages.js?body=1" for 127.0.0.1 at 2014-11-15 09:36:56 +0900


Started GET "/assets/turbolinks.js?body=1" for 127.0.0.1 at 2014-11-15 09:36:56 +0900


Started GET "/assets/application.css?body=1" for 127.0.0.1 at 2014-11-15 09:36:56 +0900


Started GET "/assets/application.js?body=1" for 127.0.0.1 at 2014-11-15 09:36:56 +0900


Started GET "/static_pages/about" for 127.0.0.1 at 2014-11-15 11:32:16 +0900
Processing by StaticPagesController#about as HTML
  Rendered static_pages/about.html.erb within layouts/application (1.9ms)
Completed 200 OK in 110ms (Views: 108.5ms | ActiveRecord: 0.0ms)


Started GET "/assets/application.css?body=1" for 127.0.0.1 at 2014-11-15 11:32:16 +0900


Started GET "/assets/static_pages.js?body=1" for 127.0.0.1 at 2014-11-15 11:32:16 +0900


Started GET "/assets/static_pages.css?body=1" for 127.0.0.1 at 2014-11-15 11:32:16 +0900


Started GET "/assets/jquery.js?body=1" for 127.0.0.1 at 2014-11-15 11:32:16 +0900


Started GET "/assets/turbolinks.js?body=1" for 127.0.0.1 at 2014-11-15 11:32:16 +0900


Started GET "/assets/jquery_ujs.js?body=1" for 127.0.0.1 at 2014-11-15 11:32:16 +0900


Started GET "/assets/application.js?body=1" for 127.0.0.1 at 2014-11-15 11:32:16 +0900


Started GET "/assets/application.css" for 127.0.0.1 at 2014-11-16 06:20:44 +0900


Started GET "/" for 127.0.0.1 at 2014-11-16 16:15:28 +0900
Processing by Rails::WelcomeController#index as HTML
  Rendered vendor/bundle/ruby/2.0.0/gems/railties-4.0.5/lib/rails/templates/rails/welcome/index.html.erb (3.3ms)
Completed 200 OK in 26ms (Views: 25.2ms | ActiveRecord: 0.0ms)


Started GET "/hi" for 127.0.0.1 at 2014-11-16 16:15:37 +0900

ActionController::RoutingError (No route matches [GET] "/hi"):
  vendor/bundle/ruby/2.0.0/gems/actionpack-4.0.5/lib/action_dispatch/middleware/debug_exceptions.rb:21:in `call'
  vendor/bundle/ruby/2.0.0/gems/actionpack-4.0.5/lib/action_dispatch/middleware/show_exceptions.rb:30:in `call'
  vendor/bundle/ruby/2.0.0/gems/railties-4.0.5/lib/rails/rack/logger.rb:38:in `call_app'
  vendor/bundle/ruby/2.0.0/gems/railties-4.0.5/lib/rails/rack/logger.rb:20:in `block in call'
  vendor/bundle/ruby/2.0.0/gems/activesupport-4.0.5/lib/active_support/tagged_logging.rb:68:in `block in tagged'
  vendor/bundle/ruby/2.0.0/gems/activesupport-4.0.5/lib/active_support/tagged_logging.rb:26:in `tagged'
  vendor/bundle/ruby/2.0.0/gems/activesupport-4.0.5/lib/active_support/tagged_logging.rb:68:in `tagged'
  vendor/bundle/ruby/2.0.0/gems/railties-4.0.5/lib/rails/rack/logger.rb:20:in `call'
  vendor/bundle/ruby/2.0.0/gems/actionpack-4.0.5/lib/action_dispatch/middleware/request_id.rb:21:in `call'
  vendor/bundle/ruby/2.0.0/gems/rack-1.5.2/lib/rack/methodoverride.rb:21:in `call'
  vendor/bundle/ruby/2.0.0/gems/rack-1.5.2/lib/rack/runtime.rb:17:in `call'
  vendor/bundle/ruby/2.0.0/gems/activesupport-4.0.5/lib/active_support/cache/strategy/local_cache.rb:83:in `call'
  vendor/bundle/ruby/2.0.0/gems/rack-1.5.2/lib/rack/lock.rb:17:in `call'
  vendor/bundle/ruby/2.0.0/gems/actionpack-4.0.5/lib/action_dispatch/middleware/static.rb:64:in `call'
  vendor/bundle/ruby/2.0.0/gems/rack-1.5.2/lib/rack/sendfile.rb:112:in `call'
  vendor/bundle/ruby/2.0.0/gems/railties-4.0.5/lib/rails/engine.rb:511:in `call'
  vendor/bundle/ruby/2.0.0/gems/railties-4.0.5/lib/rails/application.rb:97:in `call'
  vendor/bundle/ruby/2.0.0/gems/rack-1.5.2/lib/rack/lock.rb:17:in `call'
  vendor/bundle/ruby/2.0.0/gems/rack-1.5.2/lib/rack/content_length.rb:14:in `call'
  vendor/bundle/ruby/2.0.0/gems/rack-1.5.2/lib/rack/handler/webrick.rb:60:in `service'
  /System/Library/Frameworks/Ruby.framework/Versions/2.0/usr/lib/ruby/2.0.0/webrick/httpserver.rb:138:in `service'
  /System/Library/Frameworks/Ruby.framework/Versions/2.0/usr/lib/ruby/2.0.0/webrick/httpserver.rb:94:in `run'
  /System/Library/Frameworks/Ruby.framework/Versions/2.0/usr/lib/ruby/2.0.0/webrick/server.rb:295:in `block in start_thread'


  Rendered vendor/bundle/ruby/2.0.0/gems/actionpack-4.0.5/lib/action_dispatch/middleware/templates/rescues/_trace.erb (1.4ms)
  Rendered vendor/bundle/ruby/2.0.0/gems/actionpack-4.0.5/lib/action_dispatch/middleware/templates/routes/_route.html.erb (1.1ms)
  Rendered vendor/bundle/ruby/2.0.0/gems/actionpack-4.0.5/lib/action_dispatch/middleware/templates/routes/_table.html.erb (9.4ms)
  Rendered vendor/bundle/ruby/2.0.0/gems/actionpack-4.0.5/lib/action_dispatch/middleware/templates/rescues/routing_error.erb within rescues/layout (84.8ms)


Started GET "/" for 127.0.0.1 at 2014-11-16 16:15:38 +0900
Processing by Rails::WelcomeController#index as HTML
  Rendered vendor/bundle/ruby/2.0.0/gems/railties-4.0.5/lib/rails/templates/rails/welcome/index.html.erb (0.1ms)
Completed 200 OK in 3ms (Views: 2.3ms | ActiveRecord: 0.0ms)


Started GET "/home" for 127.0.0.1 at 2014-11-16 16:15:46 +0900

ActionController::RoutingError (No route matches [GET] "/home"):
  vendor/bundle/ruby/2.0.0/gems/actionpack-4.0.5/lib/action_dispatch/middleware/debug_exceptions.rb:21:in `call'
  vendor/bundle/ruby/2.0.0/gems/actionpack-4.0.5/lib/action_dispatch/middleware/show_exceptions.rb:30:in `call'
  vendor/bundle/ruby/2.0.0/gems/railties-4.0.5/lib/rails/rack/logger.rb:38:in `call_app'
  vendor/bundle/ruby/2.0.0/gems/railties-4.0.5/lib/rails/rack/logger.rb:20:in `block in call'
  vendor/bundle/ruby/2.0.0/gems/activesupport-4.0.5/lib/active_support/tagged_logging.rb:68:in `block in tagged'
  vendor/bundle/ruby/2.0.0/gems/activesupport-4.0.5/lib/active_support/tagged_logging.rb:26:in `tagged'
  vendor/bundle/ruby/2.0.0/gems/activesupport-4.0.5/lib/active_support/tagged_logging.rb:68:in `tagged'
  vendor/bundle/ruby/2.0.0/gems/railties-4.0.5/lib/rails/rack/logger.rb:20:in `call'
  vendor/bundle/ruby/2.0.0/gems/actionpack-4.0.5/lib/action_dispatch/middleware/request_id.rb:21:in `call'
  vendor/bundle/ruby/2.0.0/gems/rack-1.5.2/lib/rack/methodoverride.rb:21:in `call'
  vendor/bundle/ruby/2.0.0/gems/rack-1.5.2/lib/rack/runtime.rb:17:in `call'
  vendor/bundle/ruby/2.0.0/gems/activesupport-4.0.5/lib/active_support/cache/strategy/local_cache.rb:83:in `call'
  vendor/bundle/ruby/2.0.0/gems/rack-1.5.2/lib/rack/lock.rb:17:in `call'
  vendor/bundle/ruby/2.0.0/gems/actionpack-4.0.5/lib/action_dispatch/middleware/static.rb:64:in `call'
  vendor/bundle/ruby/2.0.0/gems/rack-1.5.2/lib/rack/sendfile.rb:112:in `call'
  vendor/bundle/ruby/2.0.0/gems/railties-4.0.5/lib/rails/engine.rb:511:in `call'
  vendor/bundle/ruby/2.0.0/gems/railties-4.0.5/lib/rails/application.rb:97:in `call'
  vendor/bundle/ruby/2.0.0/gems/rack-1.5.2/lib/rack/lock.rb:17:in `call'
  vendor/bundle/ruby/2.0.0/gems/rack-1.5.2/lib/rack/content_length.rb:14:in `call'
  vendor/bundle/ruby/2.0.0/gems/rack-1.5.2/lib/rack/handler/webrick.rb:60:in `service'
  /System/Library/Frameworks/Ruby.framework/Versions/2.0/usr/lib/ruby/2.0.0/webrick/httpserver.rb:138:in `service'
  /System/Library/Frameworks/Ruby.framework/Versions/2.0/usr/lib/ruby/2.0.0/webrick/httpserver.rb:94:in `run'
  /System/Library/Frameworks/Ruby.framework/Versions/2.0/usr/lib/ruby/2.0.0/webrick/server.rb:295:in `block in start_thread'


  Rendered vendor/bundle/ruby/2.0.0/gems/actionpack-4.0.5/lib/action_dispatch/middleware/templates/rescues/_trace.erb (1.2ms)
  Rendered vendor/bundle/ruby/2.0.0/gems/actionpack-4.0.5/lib/action_dispatch/middleware/templates/routes/_route.html.erb (1.1ms)
  Rendered vendor/bundle/ruby/2.0.0/gems/actionpack-4.0.5/lib/action_dispatch/middleware/templates/routes/_table.html.erb (1.3ms)
  Rendered vendor/bundle/ruby/2.0.0/gems/actionpack-4.0.5/lib/action_dispatch/middleware/templates/rescues/routing_error.erb within rescues/layout (20.0ms)
